

============================== 2022-12-14 16:13:26.196694 | 5db4f789-c852-4c3f-ac37-2a8d6d2e5d6e ==============================
[0m16:13:26.196705 [info ] [MainThread]: Running with dbt=1.3.1
[0m16:13:26.197143 [debug] [MainThread]: running dbt with arguments {'write_json': True, 'use_colors': True, 'printer_width': 80, 'version_check': True, 'partial_parse': True, 'static_parser': True, 'profiles_dir': '/Users/craig.jones/.dbt', 'send_anonymous_usage_stats': True, 'event_buffer_size': 100000, 'quiet': False, 'no_print': False, 'skip_profile_setup': False, 'which': 'init', 'indirect_selection': 'eager'}
[0m16:13:26.197303 [debug] [MainThread]: Tracking: tracking
[0m16:13:26.216803 [debug] [MainThread]: Sending event: {'category': 'dbt', 'action': 'invocation', 'label': 'start', 'context': [<snowplow_tracker.self_describing_json.SelfDescribingJson object at 0x10c2ee710>, <snowplow_tracker.self_describing_json.SelfDescribingJson object at 0x10c2eef80>, <snowplow_tracker.self_describing_json.SelfDescribingJson object at 0x10c2eea10>]}
[0m16:13:42.329353 [debug] [MainThread]: Starter project path: /usr/local/lib/python3.10/site-packages/dbt/include/starter_project
[0m16:18:47.707521 [info ] [MainThread]: Profile usage written to /Users/craig.jones/.dbt/profiles.yml using target's profile_template.yml and your supplied values. Run 'dbt debug' to validate the connection.
[0m16:18:47.707862 [info ] [MainThread]: 
Your new dbt project "usage" was created!

For more information on how to configure the profiles.yml file,
please consult the dbt documentation here:

  https://docs.getdbt.com/docs/configure-your-profile

One more thing:

Need help? Don't hesitate to reach out to us via GitHub issues or on Slack:

  https://community.getdbt.com/

Happy modeling!

[0m16:18:47.708156 [debug] [MainThread]: Sending event: {'category': 'dbt', 'action': 'invocation', 'label': 'end', 'context': [<snowplow_tracker.self_describing_json.SelfDescribingJson object at 0x10c2ee9b0>, <snowplow_tracker.self_describing_json.SelfDescribingJson object at 0x10c2ee710>, <snowplow_tracker.self_describing_json.SelfDescribingJson object at 0x10c2ee5f0>]}
[0m16:18:47.708389 [debug] [MainThread]: Flushing usage events
[0m16:18:47.790883 [debug] [MainThread]: Error sending anonymous usage statistics. Disabling tracking for this execution. If you wish to permanently disable tracking, see: https://docs.getdbt.com/reference/global-configs#send-anonymous-usage-stats.


============================== 2022-12-14 16:19:07.676531 | 726e40e9-e27d-4d3e-b210-254283e490cd ==============================
[0m16:19:07.676541 [info ] [MainThread]: Running with dbt=1.3.1
[0m16:19:07.676854 [debug] [MainThread]: running dbt with arguments {'write_json': True, 'use_colors': True, 'printer_width': 80, 'version_check': True, 'partial_parse': True, 'static_parser': True, 'profiles_dir': '/Users/craig.jones/.dbt', 'send_anonymous_usage_stats': True, 'event_buffer_size': 100000, 'quiet': False, 'no_print': False, 'config_dir': False, 'which': 'debug', 'indirect_selection': 'eager'}
[0m16:19:07.676998 [debug] [MainThread]: Tracking: tracking
[0m16:19:07.693203 [debug] [MainThread]: Sending event: {'category': 'dbt', 'action': 'invocation', 'label': 'start', 'context': [<snowplow_tracker.self_describing_json.SelfDescribingJson object at 0x10cfb6620>, <snowplow_tracker.self_describing_json.SelfDescribingJson object at 0x109753d00>, <snowplow_tracker.self_describing_json.SelfDescribingJson object at 0x10cfb6230>]}
[0m16:19:08.436907 [debug] [MainThread]: Executing "git --help"
[0m16:19:08.460277 [debug] [MainThread]: STDOUT: "b"usage: git [-v | --version] [-h | --help] [-C <path>] [-c <name>=<value>]\n           [--exec-path[=<path>]] [--html-path] [--man-path] [--info-path]\n           [-p | --paginate | -P | --no-pager] [--no-replace-objects] [--bare]\n           [--git-dir=<path>] [--work-tree=<path>] [--namespace=<name>]\n           [--super-prefix=<path>] [--config-env=<name>=<envvar>]\n           <command> [<args>]\n\nThese are common Git commands used in various situations:\n\nstart a working area (see also: git help tutorial)\n   clone     Clone a repository into a new directory\n   init      Create an empty Git repository or reinitialize an existing one\n\nwork on the current change (see also: git help everyday)\n   add       Add file contents to the index\n   mv        Move or rename a file, a directory, or a symlink\n   restore   Restore working tree files\n   rm        Remove files from the working tree and from the index\n\nexamine the history and state (see also: git help revisions)\n   bisect    Use binary search to find the commit that introduced a bug\n   diff      Show changes between commits, commit and working tree, etc\n   grep      Print lines matching a pattern\n   log       Show commit logs\n   show      Show various types of objects\n   status    Show the working tree status\n\ngrow, mark and tweak your common history\n   branch    List, create, or delete branches\n   commit    Record changes to the repository\n   merge     Join two or more development histories together\n   rebase    Reapply commits on top of another base tip\n   reset     Reset current HEAD to the specified state\n   switch    Switch branches\n   tag       Create, list, delete or verify a tag object signed with GPG\n\ncollaborate (see also: git help workflows)\n   fetch     Download objects and refs from another repository\n   pull      Fetch from and integrate with another repository or a local branch\n   push      Update remote refs along with associated objects\n\n'git help -a' and 'git help -g' list available subcommands and some\nconcept guides. See 'git help <command>' or 'git help <concept>'\nto read about a specific subcommand or concept.\nSee 'git help git' for an overview of the system.\n""
[0m16:19:08.461459 [debug] [MainThread]: STDERR: "b''"
[0m16:19:08.462178 [debug] [MainThread]: Sending event: {'category': 'dbt', 'action': 'invocation', 'label': 'end', 'context': [<snowplow_tracker.self_describing_json.SelfDescribingJson object at 0x10cfb69b0>, <snowplow_tracker.self_describing_json.SelfDescribingJson object at 0x1170ac760>, <snowplow_tracker.self_describing_json.SelfDescribingJson object at 0x1170ac7f0>]}
[0m16:19:08.462776 [debug] [MainThread]: Flushing usage events
[0m16:19:08.508050 [debug] [MainThread]: Error sending anonymous usage statistics. Disabling tracking for this execution. If you wish to permanently disable tracking, see: https://docs.getdbt.com/reference/global-configs#send-anonymous-usage-stats.


============================== 2022-12-14 16:19:39.105188 | d886eaed-017d-45b9-908b-44cf701883b8 ==============================
[0m16:19:39.105198 [info ] [MainThread]: Running with dbt=1.3.1
[0m16:19:39.105531 [debug] [MainThread]: running dbt with arguments {'write_json': True, 'use_colors': True, 'printer_width': 80, 'version_check': True, 'partial_parse': True, 'static_parser': True, 'profiles_dir': '/Users/craig.jones/.dbt', 'send_anonymous_usage_stats': True, 'event_buffer_size': 100000, 'quiet': False, 'no_print': False, 'skip_profile_setup': False, 'which': 'init', 'indirect_selection': 'eager'}
[0m16:19:39.105700 [debug] [MainThread]: Tracking: tracking
[0m16:19:39.122089 [debug] [MainThread]: Sending event: {'category': 'dbt', 'action': 'invocation', 'label': 'start', 'context': [<snowplow_tracker.self_describing_json.SelfDescribingJson object at 0x10b3eea70>, <snowplow_tracker.self_describing_json.SelfDescribingJson object at 0x10b3eeec0>, <snowplow_tracker.self_describing_json.SelfDescribingJson object at 0x10b3ecd90>]}
[0m16:19:53.459204 [debug] [MainThread]: Starter project path: /usr/local/lib/python3.10/site-packages/dbt/include/starter_project
[0m16:20:59.657301 [info ] [MainThread]: Profile snowflake written to /Users/craig.jones/.dbt/profiles.yml using target's profile_template.yml and your supplied values. Run 'dbt debug' to validate the connection.
[0m16:20:59.657706 [info ] [MainThread]: 
Your new dbt project "snowflake" was created!

For more information on how to configure the profiles.yml file,
please consult the dbt documentation here:

  https://docs.getdbt.com/docs/configure-your-profile

One more thing:

Need help? Don't hesitate to reach out to us via GitHub issues or on Slack:

  https://community.getdbt.com/

Happy modeling!

[0m16:20:59.658062 [debug] [MainThread]: Sending event: {'category': 'dbt', 'action': 'invocation', 'label': 'end', 'context': [<snowplow_tracker.self_describing_json.SelfDescribingJson object at 0x10b3eea40>, <snowplow_tracker.self_describing_json.SelfDescribingJson object at 0x10b3eea70>, <snowplow_tracker.self_describing_json.SelfDescribingJson object at 0x10b3ee620>]}
[0m16:20:59.658332 [debug] [MainThread]: Flushing usage events
[0m16:20:59.736000 [debug] [MainThread]: Error sending anonymous usage statistics. Disabling tracking for this execution. If you wish to permanently disable tracking, see: https://docs.getdbt.com/reference/global-configs#send-anonymous-usage-stats.
